<?xml version="1.0" encoding="utf-8"?>
<TestRun id="683f4946-8530-4e38-a007-bbacbb3c652e" name="Administrator@WIN-7IGD6D34MQ0 2026-02-14 16:58:25" runUser="WIN-7IGD6D34MQ0\Administrator" xmlns="http://microsoft.com/schemas/VisualStudio/TeamTest/2010">
  <Times creation="2026-02-14T16:58:25.6055968+07:00" queuing="2026-02-14T16:58:25.6055973+07:00" start="2026-02-14T16:58:21.6994688+07:00" finish="2026-02-14T16:58:40.9468789+07:00" />
  <TestSettings name="default" id="4908f2ba-5fa7-4ee6-b9e7-15db045de556">
    <Deployment runDeploymentRoot="Administrator_WIN-7IGD6D34MQ0_2026-02-14_16_58_25" />
  </TestSettings>
  <Results>
    <UnitTestResult executionId="64d75efa-bf90-46eb-933b-99ea4350afb0" testId="ac46a789-41d9-569b-8452-bda69b3078d6" testName="BankingEcosystem.Tests.TransactionServiceTests.Withdraw_ReturnsError_WhenNotAuthenticated" computerName="WIN-7IGD6D34MQ0" duration="00:00:00.0027433" startTime="2026-02-14T16:58:28.3081916+07:00" endTime="2026-02-14T16:58:28.3105171+07:00" testType="13cdc9d9-ddb5-4fa4-a97d-d965ccfc6d4b" outcome="Passed" testListId="8c84fa94-04c1-424b-9868-57a2d4851a1d" relativeResultsDirectory="64d75efa-bf90-46eb-933b-99ea4350afb0" />
    <UnitTestResult executionId="5c1e187b-8407-45d1-bf07-dd4dd629ddda" testId="d4c4bd2e-5622-7d66-367f-831bc180147a" testName="BankingEcosystem.Tests.TransactionServiceTests.Withdraw_ReturnsNetworkError_WhenApiFails" computerName="WIN-7IGD6D34MQ0" duration="00:00:05.8461324" startTime="2026-02-14T16:58:28.3110049+07:00" endTime="2026-02-14T16:58:34.1601583+07:00" testType="13cdc9d9-ddb5-4fa4-a97d-d965ccfc6d4b" outcome="Passed" testListId="8c84fa94-04c1-424b-9868-57a2d4851a1d" relativeResultsDirectory="5c1e187b-8407-45d1-bf07-dd4dd629ddda" />
    <UnitTestResult executionId="b23a22d1-bcab-489f-9e01-3b04994a2569" testId="30b81ad4-3e6a-025e-8def-360ceb7d5f15" testName="BankingEcosystem.Tests.EndToEndScenarioTests.Scenario_NormalWithdrawal_Flow" computerName="WIN-7IGD6D34MQ0" duration="00:00:01.4292422" startTime="2026-02-14T16:58:28.5273120+07:00" endTime="2026-02-14T16:58:29.9835771+07:00" testType="13cdc9d9-ddb5-4fa4-a97d-d965ccfc6d4b" outcome="Failed" testListId="8c84fa94-04c1-424b-9868-57a2d4851a1d" relativeResultsDirectory="b23a22d1-bcab-489f-9e01-3b04994a2569">
      <Output>
        <ErrorInfo>
          <Message>Assert.NotNull() Failure: Value is null</Message>
          <StackTrace>   at BankingEcosystem.Tests.EndToEndScenarioTests.Scenario_NormalWithdrawal_Flow() in C:\project\bank_ecosystem\src\Testing\EndToEndScenarioTests.cs:line 156&#xD;
--- End of stack trace from previous location ---</StackTrace>
        </ErrorInfo>
      </Output>
    </UnitTestResult>
    <UnitTestResult executionId="402fe627-a9dc-4b36-8cb4-75952abc71d2" testId="c18721a2-2cef-ec97-a63b-4ec684d65371" testName="BankingEcosystem.Tests.BackendServiceTests.GetAccountById_ReturnsCorrectAccount" computerName="WIN-7IGD6D34MQ0" duration="00:00:00.3894349" startTime="2026-02-14T16:58:28.9551222+07:00" endTime="2026-02-14T16:58:29.3444182+07:00" testType="13cdc9d9-ddb5-4fa4-a97d-d965ccfc6d4b" outcome="Passed" testListId="8c84fa94-04c1-424b-9868-57a2d4851a1d" relativeResultsDirectory="402fe627-a9dc-4b36-8cb4-75952abc71d2" />
    <UnitTestResult executionId="d5fe4ffa-0106-415f-aae8-1ac4f3ffd60b" testId="f1080c80-3ac2-fe8c-e9ca-61cf49c6b0f5" testName="BankingEcosystem.Tests.BackendServiceTests.VerifyCard_ReturnsNull_WhenCardNotFound" computerName="WIN-7IGD6D34MQ0" duration="00:00:00.2712499" startTime="2026-02-14T16:58:38.8157528+07:00" endTime="2026-02-14T16:58:39.0868725+07:00" testType="13cdc9d9-ddb5-4fa4-a97d-d965ccfc6d4b" outcome="Passed" testListId="8c84fa94-04c1-424b-9868-57a2d4851a1d" relativeResultsDirectory="d5fe4ffa-0106-415f-aae8-1ac4f3ffd60b" />
    <UnitTestResult executionId="645bd1d6-a089-4c1a-a452-ce786f29c12e" testId="6e3dbde3-c09e-f815-ee6c-a2b0bf44cd3b" testName="BankingEcosystem.Tests.TransactionServiceTests.Withdraw_ReturnsError_WhenAmountZero" computerName="WIN-7IGD6D34MQ0" duration="00:00:00.0013318" startTime="2026-02-14T16:58:34.1631034+07:00" endTime="2026-02-14T16:58:34.1640682+07:00" testType="13cdc9d9-ddb5-4fa4-a97d-d965ccfc6d4b" outcome="Passed" testListId="8c84fa94-04c1-424b-9868-57a2d4851a1d" relativeResultsDirectory="645bd1d6-a089-4c1a-a452-ce786f29c12e" />
    <UnitTestResult executionId="8fd968ad-16c1-4ae0-bb49-6f4ee0bae5db" testId="e147293a-4eac-62cc-681c-be2f5e5ed750" testName="BankingEcosystem.Tests.BackendServiceTests.Deposit_ThrowsException_WhenAmountNegative" computerName="WIN-7IGD6D34MQ0" duration="00:00:00.6623558" startTime="2026-02-14T16:58:39.6960941+07:00" endTime="2026-02-14T16:58:40.3585508+07:00" testType="13cdc9d9-ddb5-4fa4-a97d-d965ccfc6d4b" outcome="Passed" testListId="8c84fa94-04c1-424b-9868-57a2d4851a1d" relativeResultsDirectory="8fd968ad-16c1-4ae0-bb49-6f4ee0bae5db" />
    <UnitTestResult executionId="bbdfe2fb-5009-4b1d-84d7-df26e45c119e" testId="3a38bb8e-b17c-d549-0f54-c3b86b4ef3ca" testName="BankingEcosystem.Tests.BackendServiceTests.VerifyPin_ReturnsNull_WhenCardBlocked" computerName="WIN-7IGD6D34MQ0" duration="00:00:00.8622236" startTime="2026-02-14T16:58:30.6914273+07:00" endTime="2026-02-14T16:58:31.5536282+07:00" testType="13cdc9d9-ddb5-4fa4-a97d-d965ccfc6d4b" outcome="Passed" testListId="8c84fa94-04c1-424b-9868-57a2d4851a1d" relativeResultsDirectory="bbdfe2fb-5009-4b1d-84d7-df26e45c119e" />
    <UnitTestResult executionId="3201f542-734d-4651-9866-da7c8d73e81a" testId="9b23bb42-fdae-4c61-6023-903fbcd58a94" testName="BankingEcosystem.Tests.BackendServiceTests.GetAccountsByCustomer_ReturnsAllAccounts" computerName="WIN-7IGD6D34MQ0" duration="00:00:00.3210535" startTime="2026-02-14T16:58:39.3749498+07:00" endTime="2026-02-14T16:58:39.6958920+07:00" testType="13cdc9d9-ddb5-4fa4-a97d-d965ccfc6d4b" outcome="Passed" testListId="8c84fa94-04c1-424b-9868-57a2d4851a1d" relativeResultsDirectory="3201f542-734d-4651-9866-da7c8d73e81a" />
    <UnitTestResult executionId="256c0193-e593-4f91-a0b5-5a9acd6647c1" testId="d3671423-b66d-751a-b14f-133956fb56f5" testName="BankingEcosystem.Tests.DtoTests.TransferRequest_DescriptionCanBeNull" computerName="WIN-7IGD6D34MQ0" duration="00:00:00.0011859" startTime="2026-02-14T16:58:25.1135239+07:00" endTime="2026-02-14T16:58:25.1137159+07:00" testType="13cdc9d9-ddb5-4fa4-a97d-d965ccfc6d4b" outcome="Passed" testListId="8c84fa94-04c1-424b-9868-57a2d4851a1d" relativeResultsDirectory="256c0193-e593-4f91-a0b5-5a9acd6647c1" />
    <UnitTestResult executionId="9fc6fa66-2268-401b-98d9-e580be187aea" testId="e2b35a15-5ada-0f10-1ca9-40116a3d1d3c" testName="BankingEcosystem.Tests.BackendServiceTests.Withdraw_ThrowsException_WhenInsufficientBalance" computerName="WIN-7IGD6D34MQ0" duration="00:00:00.3330650" startTime="2026-02-14T16:58:29.3448502+07:00" endTime="2026-02-14T16:58:29.6777506+07:00" testType="13cdc9d9-ddb5-4fa4-a97d-d965ccfc6d4b" outcome="Passed" testListId="8c84fa94-04c1-424b-9868-57a2d4851a1d" relativeResultsDirectory="9fc6fa66-2268-401b-98d9-e580be187aea" />
    <UnitTestResult executionId="e81117c6-c434-45cf-bfb9-1aae2bd090df" testId="000ab565-f1ad-170d-6b55-c1fe42917978" testName="BankingEcosystem.Tests.DtoTests.CreateAtmRequest_CreatesCorrectly" computerName="WIN-7IGD6D34MQ0" duration="00:00:00.0009962" startTime="2026-02-14T16:58:25.5223353+07:00" endTime="2026-02-14T16:58:25.5224754+07:00" testType="13cdc9d9-ddb5-4fa4-a97d-d965ccfc6d4b" outcome="Passed" testListId="8c84fa94-04c1-424b-9868-57a2d4851a1d" relativeResultsDirectory="e81117c6-c434-45cf-bfb9-1aae2bd090df" />
    <UnitTestResult executionId="4dd9c780-fd77-4a5e-b67c-b6db3af295c6" testId="43b99a8c-6e20-1e9f-a82f-f6a307a824fb" testName="BankingEcosystem.Tests.BackendServiceTests.BalanceInquiry_CreatesTransactionRecord" computerName="WIN-7IGD6D34MQ0" duration="00:00:00.4546269" startTime="2026-02-14T16:58:40.3590397+07:00" endTime="2026-02-14T16:58:40.8139340+07:00" testType="13cdc9d9-ddb5-4fa4-a97d-d965ccfc6d4b" outcome="Passed" testListId="8c84fa94-04c1-424b-9868-57a2d4851a1d" relativeResultsDirectory="4dd9c780-fd77-4a5e-b67c-b6db3af295c6" />
    <UnitTestResult executionId="fe4d1e12-a4c5-477f-9a41-5e5f97a1e2cc" testId="34078081-f9e1-6d2a-9eca-b9d405e309ef" testName="BankingEcosystem.Tests.BackendServiceTests.GetAccountByNumber_ReturnsCorrectAccount" computerName="WIN-7IGD6D34MQ0" duration="00:00:00.3071317" startTime="2026-02-14T16:58:38.5085179+07:00" endTime="2026-02-14T16:58:38.8154528+07:00" testType="13cdc9d9-ddb5-4fa4-a97d-d965ccfc6d4b" outcome="Passed" testListId="8c84fa94-04c1-424b-9868-57a2d4851a1d" relativeResultsDirectory="fe4d1e12-a4c5-477f-9a41-5e5f97a1e2cc" />
    <UnitTestResult executionId="a5567144-93b3-431f-a7ba-4e09098e78ed" testId="ce22b109-5098-436a-ad13-68e9ca28b1e8" testName="BankingEcosystem.Tests.DtoTests.AuthResponse_IncludesAccountId" computerName="WIN-7IGD6D34MQ0" duration="00:00:00.0019534" startTime="2026-02-14T16:58:25.1141746+07:00" endTime="2026-02-14T16:58:25.1143282+07:00" testType="13cdc9d9-ddb5-4fa4-a97d-d965ccfc6d4b" outcome="Passed" testListId="8c84fa94-04c1-424b-9868-57a2d4851a1d" relativeResultsDirectory="a5567144-93b3-431f-a7ba-4e09098e78ed" />
    <UnitTestResult executionId="9e094d9b-1a9b-4f4d-a59a-a2a6f3b84628" testId="3bb60cd7-2886-6728-a12e-63cf4da30ec6" testName="BankingEcosystem.Tests.DtoTests.VerifyCardRequest_CreatesCorrectly" computerName="WIN-7IGD6D34MQ0" duration="00:00:00.0005006" startTime="2026-02-14T16:58:25.1147419+07:00" endTime="2026-02-14T16:58:25.1149821+07:00" testType="13cdc9d9-ddb5-4fa4-a97d-d965ccfc6d4b" outcome="Passed" testListId="8c84fa94-04c1-424b-9868-57a2d4851a1d" relativeResultsDirectory="9e094d9b-1a9b-4f4d-a59a-a2a6f3b84628" />
    <UnitTestResult executionId="b880b807-0a2a-43d6-99ba-9df00526ba69" testId="ac1e976c-ae2e-51de-ef29-fc34b357f61f" testName="BankingEcosystem.Tests.TransactionServiceTests.GetBalance_ReturnsNull_WhenAccountIdMissing" computerName="WIN-7IGD6D34MQ0" duration="00:00:00.0011275" startTime="2026-02-14T16:58:34.1700521+07:00" endTime="2026-02-14T16:58:34.1707897+07:00" testType="13cdc9d9-ddb5-4fa4-a97d-d965ccfc6d4b" outcome="Passed" testListId="8c84fa94-04c1-424b-9868-57a2d4851a1d" relativeResultsDirectory="b880b807-0a2a-43d6-99ba-9df00526ba69" />
    <UnitTestResult executionId="d47604d5-cdc9-4950-9906-cfd5c3401845" testId="0a6b2170-6128-4485-8c43-316e630f9704" testName="BankingEcosystem.Tests.BackendServiceTests.VerifyPin_ReturnsAuthResponse_WhenCorrectPin" computerName="WIN-7IGD6D34MQ0" duration="00:00:01.0100294" startTime="2026-02-14T16:58:29.6782308+07:00" endTime="2026-02-14T16:58:30.6889408+07:00" testType="13cdc9d9-ddb5-4fa4-a97d-d965ccfc6d4b" outcome="Failed" testListId="8c84fa94-04c1-424b-9868-57a2d4851a1d" relativeResultsDirectory="d47604d5-cdc9-4950-9906-cfd5c3401845">
      <Output>
        <ErrorInfo>
          <Message>Assert.NotNull() Failure: Value is null</Message>
          <StackTrace>   at BankingEcosystem.Tests.BackendServiceTests.VerifyPin_ReturnsAuthResponse_WhenCorrectPin() in C:\project\bank_ecosystem\src\Testing\BackendServiceTests.cs:line 109&#xD;
--- End of stack trace from previous location ---</StackTrace>
        </ErrorInfo>
      </Output>
    </UnitTestResult>
    <UnitTestResult executionId="8c77cf84-9fdc-4405-9d0d-f421e2ecee17" testId="bcb8a87b-9592-8029-8475-210d94d88c03" testName="BankingEcosystem.Tests.BackendServiceTests.VerifyPin_BlocksCard_After3FailedAttempts" computerName="WIN-7IGD6D34MQ0" duration="00:00:01.7027293" startTime="2026-02-14T16:58:36.1964051+07:00" endTime="2026-02-14T16:58:37.9011729+07:00" testType="13cdc9d9-ddb5-4fa4-a97d-d965ccfc6d4b" outcome="Passed" testListId="8c84fa94-04c1-424b-9868-57a2d4851a1d" relativeResultsDirectory="8c77cf84-9fdc-4405-9d0d-f421e2ecee17" />
    <UnitTestResult executionId="c0f0ebf1-8067-4364-92f6-daeb8ef6035d" testId="dac27dc7-c960-5a69-1c6f-a666c5b813cc" testName="BankingEcosystem.Tests.BackendServiceTests.Withdraw_MaintainsMinimumBalance" computerName="WIN-7IGD6D34MQ0" duration="00:00:00.6658406" startTime="2026-02-14T16:58:35.5322137+07:00" endTime="2026-02-14T16:58:36.1959669+07:00" testType="13cdc9d9-ddb5-4fa4-a97d-d965ccfc6d4b" outcome="Passed" testListId="8c84fa94-04c1-424b-9868-57a2d4851a1d" relativeResultsDirectory="c0f0ebf1-8067-4364-92f6-daeb8ef6035d" />
    <UnitTestResult executionId="04f432db-4b3a-449b-af82-2624db387d16" testId="dff41dc4-ff12-2286-a337-f963f888e9df" testName="BankingEcosystem.Tests.EndToEndScenarioTests.Scenario_Fraud_DailyLimit_Exceeded" computerName="WIN-7IGD6D34MQ0" duration="00:00:01.1708905" startTime="2026-02-14T16:58:32.7191054+07:00" endTime="2026-02-14T16:58:33.8891728+07:00" testType="13cdc9d9-ddb5-4fa4-a97d-d965ccfc6d4b" outcome="Passed" testListId="8c84fa94-04c1-424b-9868-57a2d4851a1d" relativeResultsDirectory="04f432db-4b3a-449b-af82-2624db387d16" />
    <UnitTestResult executionId="a07652eb-4adb-4239-bfa3-c58364373947" testId="1679e280-d27e-9ef7-aed6-e797295288de" testName="BankingEcosystem.Tests.SessionServiceTests.Authenticate_SetsTokenAndCustomer" computerName="WIN-7IGD6D34MQ0" duration="00:00:00.0003473" startTime="2026-02-14T16:58:25.5352769+07:00" endTime="2026-02-14T16:58:25.5354532+07:00" testType="13cdc9d9-ddb5-4fa4-a97d-d965ccfc6d4b" outcome="Passed" testListId="8c84fa94-04c1-424b-9868-57a2d4851a1d" relativeResultsDirectory="a07652eb-4adb-4239-bfa3-c58364373947" />
    <UnitTestResult executionId="05303ff7-1b8c-414b-b9cb-567a8809b464" testId="e4a35eeb-653b-ee24-6f08-df6f840e664d" testName="BankingEcosystem.Tests.DtoTests.WithdrawRequest_CreatesCorrectly" computerName="WIN-7IGD6D34MQ0" duration="00:00:00.0244635" startTime="2026-02-14T16:58:25.0386820+07:00" endTime="2026-02-14T16:58:25.0699420+07:00" testType="13cdc9d9-ddb5-4fa4-a97d-d965ccfc6d4b" outcome="Passed" testListId="8c84fa94-04c1-424b-9868-57a2d4851a1d" relativeResultsDirectory="05303ff7-1b8c-414b-b9cb-567a8809b464" />
    <UnitTestResult executionId="44ce159a-ddcc-4e92-9b00-74300c2e5ad5" testId="798df978-111a-d043-8ea2-2e32f6af3a3a" testName="BankingEcosystem.Tests.BackendServiceTests.BalanceInquiry_ReturnsCorrectBalance" computerName="WIN-7IGD6D34MQ0" duration="00:00:00.2876073" startTime="2026-02-14T16:58:39.0871829+07:00" endTime="2026-02-14T16:58:39.3746488+07:00" testType="13cdc9d9-ddb5-4fa4-a97d-d965ccfc6d4b" outcome="Passed" testListId="8c84fa94-04c1-424b-9868-57a2d4851a1d" relativeResultsDirectory="44ce159a-ddcc-4e92-9b00-74300c2e5ad5" />
    <UnitTestResult executionId="4ecfa62b-b401-4d07-9308-377e92a73719" testId="9fdc579e-aa38-df59-ad63-b342e10c56a2" testName="BankingEcosystem.Tests.EndToEndScenarioTests.Scenario_Transfer_Flow" computerName="WIN-7IGD6D34MQ0" duration="00:00:02.7353767" startTime="2026-02-14T16:58:30.0000763+07:00" endTime="2026-02-14T16:58:32.7185715+07:00" testType="13cdc9d9-ddb5-4fa4-a97d-d965ccfc6d4b" outcome="Passed" testListId="8c84fa94-04c1-424b-9868-57a2d4851a1d" relativeResultsDirectory="4ecfa62b-b401-4d07-9308-377e92a73719" />
    <UnitTestResult executionId="a8bf09d5-8231-4392-a0b4-d35b16f6590b" testId="a1173434-7ade-a9fc-a23a-35033aef1117" testName="BankingEcosystem.Tests.DtoTests.VerifyCardResponse_IncludesAllFields" computerName="WIN-7IGD6D34MQ0" duration="00:00:00.0013556" startTime="2026-02-14T16:58:25.1157175+07:00" endTime="2026-02-14T16:58:25.1158903+07:00" testType="13cdc9d9-ddb5-4fa4-a97d-d965ccfc6d4b" outcome="Passed" testListId="8c84fa94-04c1-424b-9868-57a2d4851a1d" relativeResultsDirectory="a8bf09d5-8231-4392-a0b4-d35b16f6590b" />
    <UnitTestResult executionId="357c2ffe-8302-41ab-995f-adb044f2394f" testId="5d7f1061-6cc0-ffbd-a0b2-0695c40750e4" testName="BankingEcosystem.Tests.BackendServiceTests.VerifyPin_IncrementsFailedAttempts_WhenWrongPin" computerName="WIN-7IGD6D34MQ0" duration="00:00:00.6837048" startTime="2026-02-14T16:58:33.2226636+07:00" endTime="2026-02-14T16:58:33.9061309+07:00" testType="13cdc9d9-ddb5-4fa4-a97d-d965ccfc6d4b" outcome="Passed" testListId="8c84fa94-04c1-424b-9868-57a2d4851a1d" relativeResultsDirectory="357c2ffe-8302-41ab-995f-adb044f2394f" />
    <UnitTestResult executionId="6a53310d-cd1e-40f8-8442-1768c5a530d7" testId="bb967af8-7e1c-82b1-44c2-b7967bce5cf5" testName="BankingEcosystem.Tests.TransactionServiceTests.GetBalance_ReturnsNull_WhenNotAuthenticated" computerName="WIN-7IGD6D34MQ0" duration="00:00:00.0052963" startTime="2026-02-14T16:58:34.1645496+07:00" endTime="2026-02-14T16:58:34.1695256+07:00" testType="13cdc9d9-ddb5-4fa4-a97d-d965ccfc6d4b" outcome="Passed" testListId="8c84fa94-04c1-424b-9868-57a2d4851a1d" relativeResultsDirectory="6a53310d-cd1e-40f8-8442-1768c5a530d7" />
    <UnitTestResult executionId="440cd89e-b50d-4dc7-a8ad-c48af4ad81fc" testId="8443c40b-5371-b20d-9e37-a5c580db4969" testName="BankingEcosystem.Tests.BackendServiceTests.Deposit_IncreasesBalance" computerName="WIN-7IGD6D34MQ0" duration="00:00:00.5033104" startTime="2026-02-14T16:58:32.7197723+07:00" endTime="2026-02-14T16:58:33.2220612+07:00" testType="13cdc9d9-ddb5-4fa4-a97d-d965ccfc6d4b" outcome="Passed" testListId="8c84fa94-04c1-424b-9868-57a2d4851a1d" relativeResultsDirectory="440cd89e-b50d-4dc7-a8ad-c48af4ad81fc" />
    <UnitTestResult executionId="031dac3a-fb7c-4d36-8130-1bf46423f1d1" testId="b9159849-ff52-6f38-3892-3ef25b3a8895" testName="BankingEcosystem.Tests.BackendServiceTests.VerifyCard_ReturnsResponse_WhenCardExists" computerName="WIN-7IGD6D34MQ0" duration="00:00:00.3400026" startTime="2026-02-14T16:58:37.9016807+07:00" endTime="2026-02-14T16:58:38.2413491+07:00" testType="13cdc9d9-ddb5-4fa4-a97d-d965ccfc6d4b" outcome="Passed" testListId="8c84fa94-04c1-424b-9868-57a2d4851a1d" relativeResultsDirectory="031dac3a-fb7c-4d36-8130-1bf46423f1d1" />
    <UnitTestResult executionId="95a7fa0c-4887-4764-b31f-c45f26ff2d00" testId="776d3181-9772-cd45-7fa6-44caf2d1f1ca" testName="BankingEcosystem.Tests.SessionServiceTests.CardId_PersistsBetweenStartAndAuthenticate" computerName="WIN-7IGD6D34MQ0" duration="00:00:00.0089265" startTime="2026-02-14T16:58:25.5280002+07:00" endTime="2026-02-14T16:58:25.5281596+07:00" testType="13cdc9d9-ddb5-4fa4-a97d-d965ccfc6d4b" outcome="Passed" testListId="8c84fa94-04c1-424b-9868-57a2d4851a1d" relativeResultsDirectory="95a7fa0c-4887-4764-b31f-c45f26ff2d00" />
    <UnitTestResult executionId="1eba7563-8d3f-4639-a8de-a57743bd4207" testId="26384d4c-03ca-91cd-ca69-3bcda6eb720a" testName="BankingEcosystem.Tests.DtoTests.ApiResponse_FailureWrapper" computerName="WIN-7IGD6D34MQ0" duration="00:00:00.0030792" startTime="2026-02-14T16:58:25.1050979+07:00" endTime="2026-02-14T16:58:25.1053347+07:00" testType="13cdc9d9-ddb5-4fa4-a97d-d965ccfc6d4b" outcome="Passed" testListId="8c84fa94-04c1-424b-9868-57a2d4851a1d" relativeResultsDirectory="1eba7563-8d3f-4639-a8de-a57743bd4207" />
    <UnitTestResult executionId="639a7542-3656-4ef7-8cd0-1b941c58623e" testId="da19275d-b221-2a68-f9d2-c368de22e6ea" testName="BankingEcosystem.Tests.SessionServiceTests.StartSession_SetsCardNumber" computerName="WIN-7IGD6D34MQ0" duration="00:00:00.0002347" startTime="2026-02-14T16:58:25.5364341+07:00" endTime="2026-02-14T16:58:25.5365854+07:00" testType="13cdc9d9-ddb5-4fa4-a97d-d965ccfc6d4b" outcome="Passed" testListId="8c84fa94-04c1-424b-9868-57a2d4851a1d" relativeResultsDirectory="639a7542-3656-4ef7-8cd0-1b941c58623e" />
    <UnitTestResult executionId="6fd939de-5519-4add-8659-e80b04d0db27" testId="c9afcbbf-cde4-d291-3ac3-9058a14ef718" testName="BankingEcosystem.Tests.TransactionServiceTests.Withdraw_ReturnsError_WhenInsufficientATMCash" computerName="WIN-7IGD6D34MQ0" duration="00:00:03.3040255" startTime="2026-02-14T16:58:24.9679078+07:00" endTime="2026-02-14T16:58:28.3034678+07:00" testType="13cdc9d9-ddb5-4fa4-a97d-d965ccfc6d4b" outcome="Passed" testListId="8c84fa94-04c1-424b-9868-57a2d4851a1d" relativeResultsDirectory="6fd939de-5519-4add-8659-e80b04d0db27" />
    <UnitTestResult executionId="83460ea7-9e12-457e-8391-5a9fe08ac1c1" testId="45cfeb67-a890-7325-d1e2-9587ce8a7956" testName="BankingEcosystem.Tests.SessionServiceTests.SessionExpired_EventFires_AfterTimeout" computerName="WIN-7IGD6D34MQ0" duration="00:00:00.0006261" startTime="2026-02-14T16:58:25.5292671+07:00" endTime="2026-02-14T16:58:25.5294175+07:00" testType="13cdc9d9-ddb5-4fa4-a97d-d965ccfc6d4b" outcome="Passed" testListId="8c84fa94-04c1-424b-9868-57a2d4851a1d" relativeResultsDirectory="83460ea7-9e12-457e-8391-5a9fe08ac1c1" />
    <UnitTestResult executionId="b88fd5b0-be52-49e7-8494-d641750cc2e7" testId="4256fd6b-cbdd-4078-4155-6a9862b20206" testName="BankingEcosystem.Tests.DtoTests.ApiResponse_SuccessWrapper" computerName="WIN-7IGD6D34MQ0" duration="00:00:00.0006976" startTime="2026-02-14T16:58:25.1126650+07:00" endTime="2026-02-14T16:58:25.1129087+07:00" testType="13cdc9d9-ddb5-4fa4-a97d-d965ccfc6d4b" outcome="Passed" testListId="8c84fa94-04c1-424b-9868-57a2d4851a1d" relativeResultsDirectory="b88fd5b0-be52-49e7-8494-d641750cc2e7" />
    <UnitTestResult executionId="f270422c-1a59-4c12-a593-baeabbf46729" testId="64b92e35-b84c-c8f0-00c3-94a317c4251a" testName="BankingEcosystem.Tests.BackendServiceTests.Withdraw_DeductsBalance" computerName="WIN-7IGD6D34MQ0" duration="00:00:01.1642143" startTime="2026-02-14T16:58:31.5541846+07:00" endTime="2026-02-14T16:58:32.7193455+07:00" testType="13cdc9d9-ddb5-4fa4-a97d-d965ccfc6d4b" outcome="Passed" testListId="8c84fa94-04c1-424b-9868-57a2d4851a1d" relativeResultsDirectory="f270422c-1a59-4c12-a593-baeabbf46729" />
    <UnitTestResult executionId="e026a509-028d-4a7d-8793-d9bbf8fb06ce" testId="f26128db-eea5-4b13-72a4-42b619da50fb" testName="BankingEcosystem.Tests.SessionServiceTests.EndSession_ClearsSession" computerName="WIN-7IGD6D34MQ0" duration="00:00:00.0004066" startTime="2026-02-14T16:58:25.5304301+07:00" endTime="2026-02-14T16:58:25.5306009+07:00" testType="13cdc9d9-ddb5-4fa4-a97d-d965ccfc6d4b" outcome="Passed" testListId="8c84fa94-04c1-424b-9868-57a2d4851a1d" relativeResultsDirectory="e026a509-028d-4a7d-8793-d9bbf8fb06ce" />
    <UnitTestResult executionId="6a206acb-9b70-47f7-a81c-4312ed8501b6" testId="96ee39c4-866d-3a6f-ddb4-83e9de594824" testName="BankingEcosystem.Tests.DtoTests.DepositRequest_Properties_AreSetCorrectly" computerName="WIN-7IGD6D34MQ0" duration="00:00:00.0009122" startTime="2026-02-14T16:58:25.5212266+07:00" endTime="2026-02-14T16:58:25.5214150+07:00" testType="13cdc9d9-ddb5-4fa4-a97d-d965ccfc6d4b" outcome="Passed" testListId="8c84fa94-04c1-424b-9868-57a2d4851a1d" relativeResultsDirectory="6a206acb-9b70-47f7-a81c-4312ed8501b6" />
    <UnitTestResult executionId="a391c2dd-4a7c-4c33-ae58-f65216d8cb46" testId="75105c78-4733-7436-a1c5-b08db4b2eed2" testName="BankingEcosystem.Tests.BackendServiceTests.GetAccountById_ReturnsNull_WhenNotFound" computerName="WIN-7IGD6D34MQ0" duration="00:00:00.2666418" startTime="2026-02-14T16:58:38.2417452+07:00" endTime="2026-02-14T16:58:38.5081636+07:00" testType="13cdc9d9-ddb5-4fa4-a97d-d965ccfc6d4b" outcome="Passed" testListId="8c84fa94-04c1-424b-9868-57a2d4851a1d" relativeResultsDirectory="a391c2dd-4a7c-4c33-ae58-f65216d8cb46" />
    <UnitTestResult executionId="8d47b9bb-ced5-411b-89dd-a9503d2ce2cc" testId="c47e25b4-af98-59f1-32d5-99726d0a60eb" testName="BankingEcosystem.Tests.DtoTests.VerifyPinRequest_CreatesCorrectly" computerName="WIN-7IGD6D34MQ0" duration="00:00:00.0008155" startTime="2026-02-14T16:58:25.5233698+07:00" endTime="2026-02-14T16:58:25.5234920+07:00" testType="13cdc9d9-ddb5-4fa4-a97d-d965ccfc6d4b" outcome="Passed" testListId="8c84fa94-04c1-424b-9868-57a2d4851a1d" relativeResultsDirectory="8d47b9bb-ced5-411b-89dd-a9503d2ce2cc" />
    <UnitTestResult executionId="436d7df3-4d20-45a0-a45d-d2834e2ea869" testId="6acd4b75-2c30-38ed-f24f-1abb5c8bacd0" testName="BankingEcosystem.Tests.DtoTests.TransferRequest_CreatesCorrectly" computerName="WIN-7IGD6D34MQ0" duration="00:00:00.0006844" startTime="2026-02-14T16:58:25.5228446+07:00" endTime="2026-02-14T16:58:25.5230084+07:00" testType="13cdc9d9-ddb5-4fa4-a97d-d965ccfc6d4b" outcome="Passed" testListId="8c84fa94-04c1-424b-9868-57a2d4851a1d" relativeResultsDirectory="436d7df3-4d20-45a0-a45d-d2834e2ea869" />
    <UnitTestResult executionId="8a49ccf9-2eb1-4bb6-be6c-8b77515cca1e" testId="e1736080-1b85-4d4c-3608-c132a3c87ed4" testName="BankingEcosystem.Tests.SessionServiceTests.NewSession_IsNotAuthenticated" computerName="WIN-7IGD6D34MQ0" duration="00:00:00.0002589" startTime="2026-02-14T16:58:25.5369822+07:00" endTime="2026-02-14T16:58:25.5371032+07:00" testType="13cdc9d9-ddb5-4fa4-a97d-d965ccfc6d4b" outcome="Passed" testListId="8c84fa94-04c1-424b-9868-57a2d4851a1d" relativeResultsDirectory="8a49ccf9-2eb1-4bb6-be6c-8b77515cca1e" />
    <UnitTestResult executionId="54143f51-fc7c-4be2-8d2d-ad4141d74790" testId="9c2b4376-0a28-29e5-94b6-ada0cead2a42" testName="BankingEcosystem.Tests.BackendServiceTests.VerifyPin_ResetsFailedAttempts_OnSuccess" computerName="WIN-7IGD6D34MQ0" duration="00:00:01.6231754" startTime="2026-02-14T16:58:33.9065548+07:00" endTime="2026-02-14T16:58:35.5299125+07:00" testType="13cdc9d9-ddb5-4fa4-a97d-d965ccfc6d4b" outcome="Failed" testListId="8c84fa94-04c1-424b-9868-57a2d4851a1d" relativeResultsDirectory="54143f51-fc7c-4be2-8d2d-ad4141d74790">
      <Output>
        <ErrorInfo>
          <Message>Assert.Equal() Failure: Values differ&#xD;
Expected: 0&#xD;
Actual:   2</Message>
          <StackTrace>   at BankingEcosystem.Tests.BackendServiceTests.VerifyPin_ResetsFailedAttempts_OnSuccess() in C:\project\bank_ecosystem\src\Testing\BackendServiceTests.cs:line 162&#xD;
--- End of stack trace from previous location ---</StackTrace>
        </ErrorInfo>
      </Output>
    </UnitTestResult>
    <UnitTestResult executionId="7336b971-148c-460a-a8a6-3c0c28a2bbcf" testId="9519e0bc-0f79-e86a-b054-84c3a1d8eaad" testName="BankingEcosystem.Tests.SessionServiceTests.ClearSession_ResetsEverything" computerName="WIN-7IGD6D34MQ0" duration="00:00:00.0013163" startTime="2026-02-14T16:58:25.5286445+07:00" endTime="2026-02-14T16:58:25.5288708+07:00" testType="13cdc9d9-ddb5-4fa4-a97d-d965ccfc6d4b" outcome="Passed" testListId="8c84fa94-04c1-424b-9868-57a2d4851a1d" relativeResultsDirectory="7336b971-148c-460a-a8a6-3c0c28a2bbcf" />
    <UnitTestResult executionId="f01c617c-897f-4971-bfcd-fa7bf8e4b608" testId="1c5f3d54-b7d0-c458-6ab6-a14172585e8e" testName="BankingEcosystem.Tests.SessionServiceTests.AtmId_DefaultsToOne" computerName="WIN-7IGD6D34MQ0" duration="00:00:00.0003342" startTime="2026-02-14T16:58:25.5298245+07:00" endTime="2026-02-14T16:58:25.5299849+07:00" testType="13cdc9d9-ddb5-4fa4-a97d-d965ccfc6d4b" outcome="Passed" testListId="8c84fa94-04c1-424b-9868-57a2d4851a1d" relativeResultsDirectory="f01c617c-897f-4971-bfcd-fa7bf8e4b608" />
    <UnitTestResult executionId="037447c0-7b52-4070-9d99-6ac7b25e3e64" testId="aa41ffb8-cd56-cfba-dbf8-92957bc3c7b9" testName="BankingEcosystem.Tests.TransactionServiceTests.Withdraw_ReturnsError_WhenAmountNegative" computerName="WIN-7IGD6D34MQ0" duration="00:00:00.0013877" startTime="2026-02-14T16:58:34.1613335+07:00" endTime="2026-02-14T16:58:34.1625855+07:00" testType="13cdc9d9-ddb5-4fa4-a97d-d965ccfc6d4b" outcome="Passed" testListId="8c84fa94-04c1-424b-9868-57a2d4851a1d" relativeResultsDirectory="037447c0-7b52-4070-9d99-6ac7b25e3e64" />
    <UnitTestResult executionId="f81d4bb6-26e7-40fc-8844-0cc79aa8553d" testId="1c6a125b-fd26-2ef4-a337-9353dbd538e7" testName="BankingEcosystem.Tests.SessionServiceTests.StartSession_ClearsPreviousState" computerName="WIN-7IGD6D34MQ0" duration="00:00:00.0003729" startTime="2026-02-14T16:58:25.5358693+07:00" endTime="2026-02-14T16:58:25.5360419+07:00" testType="13cdc9d9-ddb5-4fa4-a97d-d965ccfc6d4b" outcome="Passed" testListId="8c84fa94-04c1-424b-9868-57a2d4851a1d" relativeResultsDirectory="f81d4bb6-26e7-40fc-8844-0cc79aa8553d" />
    <UnitTestResult executionId="a7100d65-d263-48a6-b4a8-4fc7541b47a6" testId="179a11e3-402f-0dc9-86d1-a51f93d99997" testName="BankingEcosystem.Tests.BackendServiceTests.VerifyPin_ReturnsNull_WhenWrongPin" computerName="WIN-7IGD6D34MQ0" duration="00:00:03.9832119" startTime="2026-02-14T16:58:24.9744207+07:00" endTime="2026-02-14T16:58:28.9546188+07:00" testType="13cdc9d9-ddb5-4fa4-a97d-d965ccfc6d4b" outcome="Passed" testListId="8c84fa94-04c1-424b-9868-57a2d4851a1d" relativeResultsDirectory="a7100d65-d263-48a6-b4a8-4fc7541b47a6" />
    <UnitTestResult executionId="c705dfd3-a494-4e38-9e1e-be6bba24d4c1" testId="49d33439-9eb5-4bde-553d-2ba31b4cc14b" testName="BankingEcosystem.Tests.EndToEndScenarioTests.Scenario_LowBalance_Withdrawal_Fails" computerName="WIN-7IGD6D34MQ0" duration="00:00:03.4159073" startTime="2026-02-14T16:58:25.5377623+07:00" endTime="2026-02-14T16:58:28.5267055+07:00" testType="13cdc9d9-ddb5-4fa4-a97d-d965ccfc6d4b" outcome="Passed" testListId="8c84fa94-04c1-424b-9868-57a2d4851a1d" relativeResultsDirectory="c705dfd3-a494-4e38-9e1e-be6bba24d4c1" />
  </Results>
  <TestDefinitions>
    <UnitTest name="BankingEcosystem.Tests.BackendServiceTests.GetAccountsByCustomer_ReturnsAllAccounts" storage="c:\project\bank_ecosystem\src\testing\bin\debug\net10.0-windows\bankingecosystem.tests.dll" id="9b23bb42-fdae-4c61-6023-903fbcd58a94">
      <Execution id="3201f542-734d-4651-9866-da7c8d73e81a" />
      <TestMethod codeBase="C:\project\bank_ecosystem\src\Testing\bin\Debug\net10.0-windows\BankingEcosystem.Tests.dll" adapterTypeName="executor://xunit/VsTestRunner3/netcore/" className="BankingEcosystem.Tests.BackendServiceTests" name="GetAccountsByCustomer_ReturnsAllAccounts" />
    </UnitTest>
    <UnitTest name="BankingEcosystem.Tests.EndToEndScenarioTests.Scenario_LowBalance_Withdrawal_Fails" storage="c:\project\bank_ecosystem\src\testing\bin\debug\net10.0-windows\bankingecosystem.tests.dll" id="49d33439-9eb5-4bde-553d-2ba31b4cc14b">
      <Execution id="c705dfd3-a494-4e38-9e1e-be6bba24d4c1" />
      <TestMethod codeBase="C:\project\bank_ecosystem\src\Testing\bin\Debug\net10.0-windows\BankingEcosystem.Tests.dll" adapterTypeName="executor://xunit/VsTestRunner3/netcore/" className="BankingEcosystem.Tests.EndToEndScenarioTests" name="Scenario_LowBalance_Withdrawal_Fails" />
    </UnitTest>
    <UnitTest name="BankingEcosystem.Tests.SessionServiceTests.Authenticate_SetsTokenAndCustomer" storage="c:\project\bank_ecosystem\src\testing\bin\debug\net10.0-windows\bankingecosystem.tests.dll" id="1679e280-d27e-9ef7-aed6-e797295288de">
      <Execution id="a07652eb-4adb-4239-bfa3-c58364373947" />
      <TestMethod codeBase="C:\project\bank_ecosystem\src\Testing\bin\Debug\net10.0-windows\BankingEcosystem.Tests.dll" adapterTypeName="executor://xunit/VsTestRunner3/netcore/" className="BankingEcosystem.Tests.SessionServiceTests" name="Authenticate_SetsTokenAndCustomer" />
    </UnitTest>
    <UnitTest name="BankingEcosystem.Tests.TransactionServiceTests.GetBalance_ReturnsNull_WhenNotAuthenticated" storage="c:\project\bank_ecosystem\src\testing\bin\debug\net10.0-windows\bankingecosystem.tests.dll" id="bb967af8-7e1c-82b1-44c2-b7967bce5cf5">
      <Execution id="6a53310d-cd1e-40f8-8442-1768c5a530d7" />
      <TestMethod codeBase="C:\project\bank_ecosystem\src\Testing\bin\Debug\net10.0-windows\BankingEcosystem.Tests.dll" adapterTypeName="executor://xunit/VsTestRunner3/netcore/" className="BankingEcosystem.Tests.TransactionServiceTests" name="GetBalance_ReturnsNull_WhenNotAuthenticated" />
    </UnitTest>
    <UnitTest name="BankingEcosystem.Tests.SessionServiceTests.AtmId_DefaultsToOne" storage="c:\project\bank_ecosystem\src\testing\bin\debug\net10.0-windows\bankingecosystem.tests.dll" id="1c5f3d54-b7d0-c458-6ab6-a14172585e8e">
      <Execution id="f01c617c-897f-4971-bfcd-fa7bf8e4b608" />
      <TestMethod codeBase="C:\project\bank_ecosystem\src\Testing\bin\Debug\net10.0-windows\BankingEcosystem.Tests.dll" adapterTypeName="executor://xunit/VsTestRunner3/netcore/" className="BankingEcosystem.Tests.SessionServiceTests" name="AtmId_DefaultsToOne" />
    </UnitTest>
    <UnitTest name="BankingEcosystem.Tests.SessionServiceTests.SessionExpired_EventFires_AfterTimeout" storage="c:\project\bank_ecosystem\src\testing\bin\debug\net10.0-windows\bankingecosystem.tests.dll" id="45cfeb67-a890-7325-d1e2-9587ce8a7956">
      <Execution id="83460ea7-9e12-457e-8391-5a9fe08ac1c1" />
      <TestMethod codeBase="C:\project\bank_ecosystem\src\Testing\bin\Debug\net10.0-windows\BankingEcosystem.Tests.dll" adapterTypeName="executor://xunit/VsTestRunner3/netcore/" className="BankingEcosystem.Tests.SessionServiceTests" name="SessionExpired_EventFires_AfterTimeout" />
    </UnitTest>
    <UnitTest name="BankingEcosystem.Tests.DtoTests.VerifyPinRequest_CreatesCorrectly" storage="c:\project\bank_ecosystem\src\testing\bin\debug\net10.0-windows\bankingecosystem.tests.dll" id="c47e25b4-af98-59f1-32d5-99726d0a60eb">
      <Execution id="8d47b9bb-ced5-411b-89dd-a9503d2ce2cc" />
      <TestMethod codeBase="C:\project\bank_ecosystem\src\Testing\bin\Debug\net10.0-windows\BankingEcosystem.Tests.dll" adapterTypeName="executor://xunit/VsTestRunner3/netcore/" className="BankingEcosystem.Tests.DtoTests" name="VerifyPinRequest_CreatesCorrectly" />
    </UnitTest>
    <UnitTest name="BankingEcosystem.Tests.BackendServiceTests.VerifyPin_BlocksCard_After3FailedAttempts" storage="c:\project\bank_ecosystem\src\testing\bin\debug\net10.0-windows\bankingecosystem.tests.dll" id="bcb8a87b-9592-8029-8475-210d94d88c03">
      <Execution id="8c77cf84-9fdc-4405-9d0d-f421e2ecee17" />
      <TestMethod codeBase="C:\project\bank_ecosystem\src\Testing\bin\Debug\net10.0-windows\BankingEcosystem.Tests.dll" adapterTypeName="executor://xunit/VsTestRunner3/netcore/" className="BankingEcosystem.Tests.BackendServiceTests" name="VerifyPin_BlocksCard_After3FailedAttempts" />
    </UnitTest>
    <UnitTest name="BankingEcosystem.Tests.SessionServiceTests.ClearSession_ResetsEverything" storage="c:\project\bank_ecosystem\src\testing\bin\debug\net10.0-windows\bankingecosystem.tests.dll" id="9519e0bc-0f79-e86a-b054-84c3a1d8eaad">
      <Execution id="7336b971-148c-460a-a8a6-3c0c28a2bbcf" />
      <TestMethod codeBase="C:\project\bank_ecosystem\src\Testing\bin\Debug\net10.0-windows\BankingEcosystem.Tests.dll" adapterTypeName="executor://xunit/VsTestRunner3/netcore/" className="BankingEcosystem.Tests.SessionServiceTests" name="ClearSession_ResetsEverything" />
    </UnitTest>
    <UnitTest name="BankingEcosystem.Tests.DtoTests.AuthResponse_IncludesAccountId" storage="c:\project\bank_ecosystem\src\testing\bin\debug\net10.0-windows\bankingecosystem.tests.dll" id="ce22b109-5098-436a-ad13-68e9ca28b1e8">
      <Execution id="a5567144-93b3-431f-a7ba-4e09098e78ed" />
      <TestMethod codeBase="C:\project\bank_ecosystem\src\Testing\bin\Debug\net10.0-windows\BankingEcosystem.Tests.dll" adapterTypeName="executor://xunit/VsTestRunner3/netcore/" className="BankingEcosystem.Tests.DtoTests" name="AuthResponse_IncludesAccountId" />
    </UnitTest>
    <UnitTest name="BankingEcosystem.Tests.BackendServiceTests.GetAccountById_ReturnsNull_WhenNotFound" storage="c:\project\bank_ecosystem\src\testing\bin\debug\net10.0-windows\bankingecosystem.tests.dll" id="75105c78-4733-7436-a1c5-b08db4b2eed2">
      <Execution id="a391c2dd-4a7c-4c33-ae58-f65216d8cb46" />
      <TestMethod codeBase="C:\project\bank_ecosystem\src\Testing\bin\Debug\net10.0-windows\BankingEcosystem.Tests.dll" adapterTypeName="executor://xunit/VsTestRunner3/netcore/" className="BankingEcosystem.Tests.BackendServiceTests" name="GetAccountById_ReturnsNull_WhenNotFound" />
    </UnitTest>
    <UnitTest name="BankingEcosystem.Tests.EndToEndScenarioTests.Scenario_NormalWithdrawal_Flow" storage="c:\project\bank_ecosystem\src\testing\bin\debug\net10.0-windows\bankingecosystem.tests.dll" id="30b81ad4-3e6a-025e-8def-360ceb7d5f15">
      <Execution id="b23a22d1-bcab-489f-9e01-3b04994a2569" />
      <TestMethod codeBase="C:\project\bank_ecosystem\src\Testing\bin\Debug\net10.0-windows\BankingEcosystem.Tests.dll" adapterTypeName="executor://xunit/VsTestRunner3/netcore/" className="BankingEcosystem.Tests.EndToEndScenarioTests" name="Scenario_NormalWithdrawal_Flow" />
    </UnitTest>
    <UnitTest name="BankingEcosystem.Tests.BackendServiceTests.Withdraw_DeductsBalance" storage="c:\project\bank_ecosystem\src\testing\bin\debug\net10.0-windows\bankingecosystem.tests.dll" id="64b92e35-b84c-c8f0-00c3-94a317c4251a">
      <Execution id="f270422c-1a59-4c12-a593-baeabbf46729" />
      <TestMethod codeBase="C:\project\bank_ecosystem\src\Testing\bin\Debug\net10.0-windows\BankingEcosystem.Tests.dll" adapterTypeName="executor://xunit/VsTestRunner3/netcore/" className="BankingEcosystem.Tests.BackendServiceTests" name="Withdraw_DeductsBalance" />
    </UnitTest>
    <UnitTest name="BankingEcosystem.Tests.TransactionServiceTests.Withdraw_ReturnsNetworkError_WhenApiFails" storage="c:\project\bank_ecosystem\src\testing\bin\debug\net10.0-windows\bankingecosystem.tests.dll" id="d4c4bd2e-5622-7d66-367f-831bc180147a">
      <Execution id="5c1e187b-8407-45d1-bf07-dd4dd629ddda" />
      <TestMethod codeBase="C:\project\bank_ecosystem\src\Testing\bin\Debug\net10.0-windows\BankingEcosystem.Tests.dll" adapterTypeName="executor://xunit/VsTestRunner3/netcore/" className="BankingEcosystem.Tests.TransactionServiceTests" name="Withdraw_ReturnsNetworkError_WhenApiFails" />
    </UnitTest>
    <UnitTest name="BankingEcosystem.Tests.DtoTests.ApiResponse_SuccessWrapper" storage="c:\project\bank_ecosystem\src\testing\bin\debug\net10.0-windows\bankingecosystem.tests.dll" id="4256fd6b-cbdd-4078-4155-6a9862b20206">
      <Execution id="b88fd5b0-be52-49e7-8494-d641750cc2e7" />
      <TestMethod codeBase="C:\project\bank_ecosystem\src\Testing\bin\Debug\net10.0-windows\BankingEcosystem.Tests.dll" adapterTypeName="executor://xunit/VsTestRunner3/netcore/" className="BankingEcosystem.Tests.DtoTests" name="ApiResponse_SuccessWrapper" />
    </UnitTest>
    <UnitTest name="BankingEcosystem.Tests.DtoTests.WithdrawRequest_CreatesCorrectly" storage="c:\project\bank_ecosystem\src\testing\bin\debug\net10.0-windows\bankingecosystem.tests.dll" id="e4a35eeb-653b-ee24-6f08-df6f840e664d">
      <Execution id="05303ff7-1b8c-414b-b9cb-567a8809b464" />
      <TestMethod codeBase="C:\project\bank_ecosystem\src\Testing\bin\Debug\net10.0-windows\BankingEcosystem.Tests.dll" adapterTypeName="executor://xunit/VsTestRunner3/netcore/" className="BankingEcosystem.Tests.DtoTests" name="WithdrawRequest_CreatesCorrectly" />
    </UnitTest>
    <UnitTest name="BankingEcosystem.Tests.BackendServiceTests.GetAccountById_ReturnsCorrectAccount" storage="c:\project\bank_ecosystem\src\testing\bin\debug\net10.0-windows\bankingecosystem.tests.dll" id="c18721a2-2cef-ec97-a63b-4ec684d65371">
      <Execution id="402fe627-a9dc-4b36-8cb4-75952abc71d2" />
      <TestMethod codeBase="C:\project\bank_ecosystem\src\Testing\bin\Debug\net10.0-windows\BankingEcosystem.Tests.dll" adapterTypeName="executor://xunit/VsTestRunner3/netcore/" className="BankingEcosystem.Tests.BackendServiceTests" name="GetAccountById_ReturnsCorrectAccount" />
    </UnitTest>
    <UnitTest name="BankingEcosystem.Tests.DtoTests.TransferRequest_DescriptionCanBeNull" storage="c:\project\bank_ecosystem\src\testing\bin\debug\net10.0-windows\bankingecosystem.tests.dll" id="d3671423-b66d-751a-b14f-133956fb56f5">
      <Execution id="256c0193-e593-4f91-a0b5-5a9acd6647c1" />
      <TestMethod codeBase="C:\project\bank_ecosystem\src\Testing\bin\Debug\net10.0-windows\BankingEcosystem.Tests.dll" adapterTypeName="executor://xunit/VsTestRunner3/netcore/" className="BankingEcosystem.Tests.DtoTests" name="TransferRequest_DescriptionCanBeNull" />
    </UnitTest>
    <UnitTest name="BankingEcosystem.Tests.EndToEndScenarioTests.Scenario_Transfer_Flow" storage="c:\project\bank_ecosystem\src\testing\bin\debug\net10.0-windows\bankingecosystem.tests.dll" id="9fdc579e-aa38-df59-ad63-b342e10c56a2">
      <Execution id="4ecfa62b-b401-4d07-9308-377e92a73719" />
      <TestMethod codeBase="C:\project\bank_ecosystem\src\Testing\bin\Debug\net10.0-windows\BankingEcosystem.Tests.dll" adapterTypeName="executor://xunit/VsTestRunner3/netcore/" className="BankingEcosystem.Tests.EndToEndScenarioTests" name="Scenario_Transfer_Flow" />
    </UnitTest>
    <UnitTest name="BankingEcosystem.Tests.TransactionServiceTests.Withdraw_ReturnsError_WhenNotAuthenticated" storage="c:\project\bank_ecosystem\src\testing\bin\debug\net10.0-windows\bankingecosystem.tests.dll" id="ac46a789-41d9-569b-8452-bda69b3078d6">
      <Execution id="64d75efa-bf90-46eb-933b-99ea4350afb0" />
      <TestMethod codeBase="C:\project\bank_ecosystem\src\Testing\bin\Debug\net10.0-windows\BankingEcosystem.Tests.dll" adapterTypeName="executor://xunit/VsTestRunner3/netcore/" className="BankingEcosystem.Tests.TransactionServiceTests" name="Withdraw_ReturnsError_WhenNotAuthenticated" />
    </UnitTest>
    <UnitTest name="BankingEcosystem.Tests.SessionServiceTests.CardId_PersistsBetweenStartAndAuthenticate" storage="c:\project\bank_ecosystem\src\testing\bin\debug\net10.0-windows\bankingecosystem.tests.dll" id="776d3181-9772-cd45-7fa6-44caf2d1f1ca">
      <Execution id="95a7fa0c-4887-4764-b31f-c45f26ff2d00" />
      <TestMethod codeBase="C:\project\bank_ecosystem\src\Testing\bin\Debug\net10.0-windows\BankingEcosystem.Tests.dll" adapterTypeName="executor://xunit/VsTestRunner3/netcore/" className="BankingEcosystem.Tests.SessionServiceTests" name="CardId_PersistsBetweenStartAndAuthenticate" />
    </UnitTest>
    <UnitTest name="BankingEcosystem.Tests.SessionServiceTests.EndSession_ClearsSession" storage="c:\project\bank_ecosystem\src\testing\bin\debug\net10.0-windows\bankingecosystem.tests.dll" id="f26128db-eea5-4b13-72a4-42b619da50fb">
      <Execution id="e026a509-028d-4a7d-8793-d9bbf8fb06ce" />
      <TestMethod codeBase="C:\project\bank_ecosystem\src\Testing\bin\Debug\net10.0-windows\BankingEcosystem.Tests.dll" adapterTypeName="executor://xunit/VsTestRunner3/netcore/" className="BankingEcosystem.Tests.SessionServiceTests" name="EndSession_ClearsSession" />
    </UnitTest>
    <UnitTest name="BankingEcosystem.Tests.TransactionServiceTests.Withdraw_ReturnsError_WhenAmountNegative" storage="c:\project\bank_ecosystem\src\testing\bin\debug\net10.0-windows\bankingecosystem.tests.dll" id="aa41ffb8-cd56-cfba-dbf8-92957bc3c7b9">
      <Execution id="037447c0-7b52-4070-9d99-6ac7b25e3e64" />
      <TestMethod codeBase="C:\project\bank_ecosystem\src\Testing\bin\Debug\net10.0-windows\BankingEcosystem.Tests.dll" adapterTypeName="executor://xunit/VsTestRunner3/netcore/" className="BankingEcosystem.Tests.TransactionServiceTests" name="Withdraw_ReturnsError_WhenAmountNegative" />
    </UnitTest>
    <UnitTest name="BankingEcosystem.Tests.BackendServiceTests.BalanceInquiry_ReturnsCorrectBalance" storage="c:\project\bank_ecosystem\src\testing\bin\debug\net10.0-windows\bankingecosystem.tests.dll" id="798df978-111a-d043-8ea2-2e32f6af3a3a">
      <Execution id="44ce159a-ddcc-4e92-9b00-74300c2e5ad5" />
      <TestMethod codeBase="C:\project\bank_ecosystem\src\Testing\bin\Debug\net10.0-windows\BankingEcosystem.Tests.dll" adapterTypeName="executor://xunit/VsTestRunner3/netcore/" className="BankingEcosystem.Tests.BackendServiceTests" name="BalanceInquiry_ReturnsCorrectBalance" />
    </UnitTest>
    <UnitTest name="BankingEcosystem.Tests.BackendServiceTests.BalanceInquiry_CreatesTransactionRecord" storage="c:\project\bank_ecosystem\src\testing\bin\debug\net10.0-windows\bankingecosystem.tests.dll" id="43b99a8c-6e20-1e9f-a82f-f6a307a824fb">
      <Execution id="4dd9c780-fd77-4a5e-b67c-b6db3af295c6" />
      <TestMethod codeBase="C:\project\bank_ecosystem\src\Testing\bin\Debug\net10.0-windows\BankingEcosystem.Tests.dll" adapterTypeName="executor://xunit/VsTestRunner3/netcore/" className="BankingEcosystem.Tests.BackendServiceTests" name="BalanceInquiry_CreatesTransactionRecord" />
    </UnitTest>
    <UnitTest name="BankingEcosystem.Tests.DtoTests.VerifyCardResponse_IncludesAllFields" storage="c:\project\bank_ecosystem\src\testing\bin\debug\net10.0-windows\bankingecosystem.tests.dll" id="a1173434-7ade-a9fc-a23a-35033aef1117">
      <Execution id="a8bf09d5-8231-4392-a0b4-d35b16f6590b" />
      <TestMethod codeBase="C:\project\bank_ecosystem\src\Testing\bin\Debug\net10.0-windows\BankingEcosystem.Tests.dll" adapterTypeName="executor://xunit/VsTestRunner3/netcore/" className="BankingEcosystem.Tests.DtoTests" name="VerifyCardResponse_IncludesAllFields" />
    </UnitTest>
    <UnitTest name="BankingEcosystem.Tests.BackendServiceTests.Deposit_ThrowsException_WhenAmountNegative" storage="c:\project\bank_ecosystem\src\testing\bin\debug\net10.0-windows\bankingecosystem.tests.dll" id="e147293a-4eac-62cc-681c-be2f5e5ed750">
      <Execution id="8fd968ad-16c1-4ae0-bb49-6f4ee0bae5db" />
      <TestMethod codeBase="C:\project\bank_ecosystem\src\Testing\bin\Debug\net10.0-windows\BankingEcosystem.Tests.dll" adapterTypeName="executor://xunit/VsTestRunner3/netcore/" className="BankingEcosystem.Tests.BackendServiceTests" name="Deposit_ThrowsException_WhenAmountNegative" />
    </UnitTest>
    <UnitTest name="BankingEcosystem.Tests.BackendServiceTests.GetAccountByNumber_ReturnsCorrectAccount" storage="c:\project\bank_ecosystem\src\testing\bin\debug\net10.0-windows\bankingecosystem.tests.dll" id="34078081-f9e1-6d2a-9eca-b9d405e309ef">
      <Execution id="fe4d1e12-a4c5-477f-9a41-5e5f97a1e2cc" />
      <TestMethod codeBase="C:\project\bank_ecosystem\src\Testing\bin\Debug\net10.0-windows\BankingEcosystem.Tests.dll" adapterTypeName="executor://xunit/VsTestRunner3/netcore/" className="BankingEcosystem.Tests.BackendServiceTests" name="GetAccountByNumber_ReturnsCorrectAccount" />
    </UnitTest>
    <UnitTest name="BankingEcosystem.Tests.DtoTests.VerifyCardRequest_CreatesCorrectly" storage="c:\project\bank_ecosystem\src\testing\bin\debug\net10.0-windows\bankingecosystem.tests.dll" id="3bb60cd7-2886-6728-a12e-63cf4da30ec6">
      <Execution id="9e094d9b-1a9b-4f4d-a59a-a2a6f3b84628" />
      <TestMethod codeBase="C:\project\bank_ecosystem\src\Testing\bin\Debug\net10.0-windows\BankingEcosystem.Tests.dll" adapterTypeName="executor://xunit/VsTestRunner3/netcore/" className="BankingEcosystem.Tests.DtoTests" name="VerifyCardRequest_CreatesCorrectly" />
    </UnitTest>
    <UnitTest name="BankingEcosystem.Tests.DtoTests.DepositRequest_Properties_AreSetCorrectly" storage="c:\project\bank_ecosystem\src\testing\bin\debug\net10.0-windows\bankingecosystem.tests.dll" id="96ee39c4-866d-3a6f-ddb4-83e9de594824">
      <Execution id="6a206acb-9b70-47f7-a81c-4312ed8501b6" />
      <TestMethod codeBase="C:\project\bank_ecosystem\src\Testing\bin\Debug\net10.0-windows\BankingEcosystem.Tests.dll" adapterTypeName="executor://xunit/VsTestRunner3/netcore/" className="BankingEcosystem.Tests.DtoTests" name="DepositRequest_Properties_AreSetCorrectly" />
    </UnitTest>
    <UnitTest name="BankingEcosystem.Tests.TransactionServiceTests.Withdraw_ReturnsError_WhenAmountZero" storage="c:\project\bank_ecosystem\src\testing\bin\debug\net10.0-windows\bankingecosystem.tests.dll" id="6e3dbde3-c09e-f815-ee6c-a2b0bf44cd3b">
      <Execution id="645bd1d6-a089-4c1a-a452-ce786f29c12e" />
      <TestMethod codeBase="C:\project\bank_ecosystem\src\Testing\bin\Debug\net10.0-windows\BankingEcosystem.Tests.dll" adapterTypeName="executor://xunit/VsTestRunner3/netcore/" className="BankingEcosystem.Tests.TransactionServiceTests" name="Withdraw_ReturnsError_WhenAmountZero" />
    </UnitTest>
    <UnitTest name="BankingEcosystem.Tests.BackendServiceTests.VerifyCard_ReturnsNull_WhenCardNotFound" storage="c:\project\bank_ecosystem\src\testing\bin\debug\net10.0-windows\bankingecosystem.tests.dll" id="f1080c80-3ac2-fe8c-e9ca-61cf49c6b0f5">
      <Execution id="d5fe4ffa-0106-415f-aae8-1ac4f3ffd60b" />
      <TestMethod codeBase="C:\project\bank_ecosystem\src\Testing\bin\Debug\net10.0-windows\BankingEcosystem.Tests.dll" adapterTypeName="executor://xunit/VsTestRunner3/netcore/" className="BankingEcosystem.Tests.BackendServiceTests" name="VerifyCard_ReturnsNull_WhenCardNotFound" />
    </UnitTest>
    <UnitTest name="BankingEcosystem.Tests.DtoTests.CreateAtmRequest_CreatesCorrectly" storage="c:\project\bank_ecosystem\src\testing\bin\debug\net10.0-windows\bankingecosystem.tests.dll" id="000ab565-f1ad-170d-6b55-c1fe42917978">
      <Execution id="e81117c6-c434-45cf-bfb9-1aae2bd090df" />
      <TestMethod codeBase="C:\project\bank_ecosystem\src\Testing\bin\Debug\net10.0-windows\BankingEcosystem.Tests.dll" adapterTypeName="executor://xunit/VsTestRunner3/netcore/" className="BankingEcosystem.Tests.DtoTests" name="CreateAtmRequest_CreatesCorrectly" />
    </UnitTest>
    <UnitTest name="BankingEcosystem.Tests.TransactionServiceTests.Withdraw_ReturnsError_WhenInsufficientATMCash" storage="c:\project\bank_ecosystem\src\testing\bin\debug\net10.0-windows\bankingecosystem.tests.dll" id="c9afcbbf-cde4-d291-3ac3-9058a14ef718">
      <Execution id="6fd939de-5519-4add-8659-e80b04d0db27" />
      <TestMethod codeBase="C:\project\bank_ecosystem\src\Testing\bin\Debug\net10.0-windows\BankingEcosystem.Tests.dll" adapterTypeName="executor://xunit/VsTestRunner3/netcore/" className="BankingEcosystem.Tests.TransactionServiceTests" name="Withdraw_ReturnsError_WhenInsufficientATMCash" />
    </UnitTest>
    <UnitTest name="BankingEcosystem.Tests.SessionServiceTests.StartSession_SetsCardNumber" storage="c:\project\bank_ecosystem\src\testing\bin\debug\net10.0-windows\bankingecosystem.tests.dll" id="da19275d-b221-2a68-f9d2-c368de22e6ea">
      <Execution id="639a7542-3656-4ef7-8cd0-1b941c58623e" />
      <TestMethod codeBase="C:\project\bank_ecosystem\src\Testing\bin\Debug\net10.0-windows\BankingEcosystem.Tests.dll" adapterTypeName="executor://xunit/VsTestRunner3/netcore/" className="BankingEcosystem.Tests.SessionServiceTests" name="StartSession_SetsCardNumber" />
    </UnitTest>
    <UnitTest name="BankingEcosystem.Tests.BackendServiceTests.Withdraw_MaintainsMinimumBalance" storage="c:\project\bank_ecosystem\src\testing\bin\debug\net10.0-windows\bankingecosystem.tests.dll" id="dac27dc7-c960-5a69-1c6f-a666c5b813cc">
      <Execution id="c0f0ebf1-8067-4364-92f6-daeb8ef6035d" />
      <TestMethod codeBase="C:\project\bank_ecosystem\src\Testing\bin\Debug\net10.0-windows\BankingEcosystem.Tests.dll" adapterTypeName="executor://xunit/VsTestRunner3/netcore/" className="BankingEcosystem.Tests.BackendServiceTests" name="Withdraw_MaintainsMinimumBalance" />
    </UnitTest>
    <UnitTest name="BankingEcosystem.Tests.BackendServiceTests.VerifyPin_ReturnsNull_WhenCardBlocked" storage="c:\project\bank_ecosystem\src\testing\bin\debug\net10.0-windows\bankingecosystem.tests.dll" id="3a38bb8e-b17c-d549-0f54-c3b86b4ef3ca">
      <Execution id="bbdfe2fb-5009-4b1d-84d7-df26e45c119e" />
      <TestMethod codeBase="C:\project\bank_ecosystem\src\Testing\bin\Debug\net10.0-windows\BankingEcosystem.Tests.dll" adapterTypeName="executor://xunit/VsTestRunner3/netcore/" className="BankingEcosystem.Tests.BackendServiceTests" name="VerifyPin_ReturnsNull_WhenCardBlocked" />
    </UnitTest>
    <UnitTest name="BankingEcosystem.Tests.BackendServiceTests.Withdraw_ThrowsException_WhenInsufficientBalance" storage="c:\project\bank_ecosystem\src\testing\bin\debug\net10.0-windows\bankingecosystem.tests.dll" id="e2b35a15-5ada-0f10-1ca9-40116a3d1d3c">
      <Execution id="9fc6fa66-2268-401b-98d9-e580be187aea" />
      <TestMethod codeBase="C:\project\bank_ecosystem\src\Testing\bin\Debug\net10.0-windows\BankingEcosystem.Tests.dll" adapterTypeName="executor://xunit/VsTestRunner3/netcore/" className="BankingEcosystem.Tests.BackendServiceTests" name="Withdraw_ThrowsException_WhenInsufficientBalance" />
    </UnitTest>
    <UnitTest name="BankingEcosystem.Tests.BackendServiceTests.VerifyCard_ReturnsResponse_WhenCardExists" storage="c:\project\bank_ecosystem\src\testing\bin\debug\net10.0-windows\bankingecosystem.tests.dll" id="b9159849-ff52-6f38-3892-3ef25b3a8895">
      <Execution id="031dac3a-fb7c-4d36-8130-1bf46423f1d1" />
      <TestMethod codeBase="C:\project\bank_ecosystem\src\Testing\bin\Debug\net10.0-windows\BankingEcosystem.Tests.dll" adapterTypeName="executor://xunit/VsTestRunner3/netcore/" className="BankingEcosystem.Tests.BackendServiceTests" name="VerifyCard_ReturnsResponse_WhenCardExists" />
    </UnitTest>
    <UnitTest name="BankingEcosystem.Tests.TransactionServiceTests.GetBalance_ReturnsNull_WhenAccountIdMissing" storage="c:\project\bank_ecosystem\src\testing\bin\debug\net10.0-windows\bankingecosystem.tests.dll" id="ac1e976c-ae2e-51de-ef29-fc34b357f61f">
      <Execution id="b880b807-0a2a-43d6-99ba-9df00526ba69" />
      <TestMethod codeBase="C:\project\bank_ecosystem\src\Testing\bin\Debug\net10.0-windows\BankingEcosystem.Tests.dll" adapterTypeName="executor://xunit/VsTestRunner3/netcore/" className="BankingEcosystem.Tests.TransactionServiceTests" name="GetBalance_ReturnsNull_WhenAccountIdMissing" />
    </UnitTest>
    <UnitTest name="BankingEcosystem.Tests.BackendServiceTests.VerifyPin_IncrementsFailedAttempts_WhenWrongPin" storage="c:\project\bank_ecosystem\src\testing\bin\debug\net10.0-windows\bankingecosystem.tests.dll" id="5d7f1061-6cc0-ffbd-a0b2-0695c40750e4">
      <Execution id="357c2ffe-8302-41ab-995f-adb044f2394f" />
      <TestMethod codeBase="C:\project\bank_ecosystem\src\Testing\bin\Debug\net10.0-windows\BankingEcosystem.Tests.dll" adapterTypeName="executor://xunit/VsTestRunner3/netcore/" className="BankingEcosystem.Tests.BackendServiceTests" name="VerifyPin_IncrementsFailedAttempts_WhenWrongPin" />
    </UnitTest>
    <UnitTest name="BankingEcosystem.Tests.SessionServiceTests.StartSession_ClearsPreviousState" storage="c:\project\bank_ecosystem\src\testing\bin\debug\net10.0-windows\bankingecosystem.tests.dll" id="1c6a125b-fd26-2ef4-a337-9353dbd538e7">
      <Execution id="f81d4bb6-26e7-40fc-8844-0cc79aa8553d" />
      <TestMethod codeBase="C:\project\bank_ecosystem\src\Testing\bin\Debug\net10.0-windows\BankingEcosystem.Tests.dll" adapterTypeName="executor://xunit/VsTestRunner3/netcore/" className="BankingEcosystem.Tests.SessionServiceTests" name="StartSession_ClearsPreviousState" />
    </UnitTest>
    <UnitTest name="BankingEcosystem.Tests.BackendServiceTests.VerifyPin_ResetsFailedAttempts_OnSuccess" storage="c:\project\bank_ecosystem\src\testing\bin\debug\net10.0-windows\bankingecosystem.tests.dll" id="9c2b4376-0a28-29e5-94b6-ada0cead2a42">
      <Execution id="54143f51-fc7c-4be2-8d2d-ad4141d74790" />
      <TestMethod codeBase="C:\project\bank_ecosystem\src\Testing\bin\Debug\net10.0-windows\BankingEcosystem.Tests.dll" adapterTypeName="executor://xunit/VsTestRunner3/netcore/" className="BankingEcosystem.Tests.BackendServiceTests" name="VerifyPin_ResetsFailedAttempts_OnSuccess" />
    </UnitTest>
    <UnitTest name="BankingEcosystem.Tests.EndToEndScenarioTests.Scenario_Fraud_DailyLimit_Exceeded" storage="c:\project\bank_ecosystem\src\testing\bin\debug\net10.0-windows\bankingecosystem.tests.dll" id="dff41dc4-ff12-2286-a337-f963f888e9df">
      <Execution id="04f432db-4b3a-449b-af82-2624db387d16" />
      <TestMethod codeBase="C:\project\bank_ecosystem\src\Testing\bin\Debug\net10.0-windows\BankingEcosystem.Tests.dll" adapterTypeName="executor://xunit/VsTestRunner3/netcore/" className="BankingEcosystem.Tests.EndToEndScenarioTests" name="Scenario_Fraud_DailyLimit_Exceeded" />
    </UnitTest>
    <UnitTest name="BankingEcosystem.Tests.DtoTests.TransferRequest_CreatesCorrectly" storage="c:\project\bank_ecosystem\src\testing\bin\debug\net10.0-windows\bankingecosystem.tests.dll" id="6acd4b75-2c30-38ed-f24f-1abb5c8bacd0">
      <Execution id="436d7df3-4d20-45a0-a45d-d2834e2ea869" />
      <TestMethod codeBase="C:\project\bank_ecosystem\src\Testing\bin\Debug\net10.0-windows\BankingEcosystem.Tests.dll" adapterTypeName="executor://xunit/VsTestRunner3/netcore/" className="BankingEcosystem.Tests.DtoTests" name="TransferRequest_CreatesCorrectly" />
    </UnitTest>
    <UnitTest name="BankingEcosystem.Tests.SessionServiceTests.NewSession_IsNotAuthenticated" storage="c:\project\bank_ecosystem\src\testing\bin\debug\net10.0-windows\bankingecosystem.tests.dll" id="e1736080-1b85-4d4c-3608-c132a3c87ed4">
      <Execution id="8a49ccf9-2eb1-4bb6-be6c-8b77515cca1e" />
      <TestMethod codeBase="C:\project\bank_ecosystem\src\Testing\bin\Debug\net10.0-windows\BankingEcosystem.Tests.dll" adapterTypeName="executor://xunit/VsTestRunner3/netcore/" className="BankingEcosystem.Tests.SessionServiceTests" name="NewSession_IsNotAuthenticated" />
    </UnitTest>
    <UnitTest name="BankingEcosystem.Tests.BackendServiceTests.VerifyPin_ReturnsNull_WhenWrongPin" storage="c:\project\bank_ecosystem\src\testing\bin\debug\net10.0-windows\bankingecosystem.tests.dll" id="179a11e3-402f-0dc9-86d1-a51f93d99997">
      <Execution id="a7100d65-d263-48a6-b4a8-4fc7541b47a6" />
      <TestMethod codeBase="C:\project\bank_ecosystem\src\Testing\bin\Debug\net10.0-windows\BankingEcosystem.Tests.dll" adapterTypeName="executor://xunit/VsTestRunner3/netcore/" className="BankingEcosystem.Tests.BackendServiceTests" name="VerifyPin_ReturnsNull_WhenWrongPin" />
    </UnitTest>
    <UnitTest name="BankingEcosystem.Tests.DtoTests.ApiResponse_FailureWrapper" storage="c:\project\bank_ecosystem\src\testing\bin\debug\net10.0-windows\bankingecosystem.tests.dll" id="26384d4c-03ca-91cd-ca69-3bcda6eb720a">
      <Execution id="1eba7563-8d3f-4639-a8de-a57743bd4207" />
      <TestMethod codeBase="C:\project\bank_ecosystem\src\Testing\bin\Debug\net10.0-windows\BankingEcosystem.Tests.dll" adapterTypeName="executor://xunit/VsTestRunner3/netcore/" className="BankingEcosystem.Tests.DtoTests" name="ApiResponse_FailureWrapper" />
    </UnitTest>
    <UnitTest name="BankingEcosystem.Tests.BackendServiceTests.VerifyPin_ReturnsAuthResponse_WhenCorrectPin" storage="c:\project\bank_ecosystem\src\testing\bin\debug\net10.0-windows\bankingecosystem.tests.dll" id="0a6b2170-6128-4485-8c43-316e630f9704">
      <Execution id="d47604d5-cdc9-4950-9906-cfd5c3401845" />
      <TestMethod codeBase="C:\project\bank_ecosystem\src\Testing\bin\Debug\net10.0-windows\BankingEcosystem.Tests.dll" adapterTypeName="executor://xunit/VsTestRunner3/netcore/" className="BankingEcosystem.Tests.BackendServiceTests" name="VerifyPin_ReturnsAuthResponse_WhenCorrectPin" />
    </UnitTest>
    <UnitTest name="BankingEcosystem.Tests.BackendServiceTests.Deposit_IncreasesBalance" storage="c:\project\bank_ecosystem\src\testing\bin\debug\net10.0-windows\bankingecosystem.tests.dll" id="8443c40b-5371-b20d-9e37-a5c580db4969">
      <Execution id="440cd89e-b50d-4dc7-a8ad-c48af4ad81fc" />
      <TestMethod codeBase="C:\project\bank_ecosystem\src\Testing\bin\Debug\net10.0-windows\BankingEcosystem.Tests.dll" adapterTypeName="executor://xunit/VsTestRunner3/netcore/" className="BankingEcosystem.Tests.BackendServiceTests" name="Deposit_IncreasesBalance" />
    </UnitTest>
  </TestDefinitions>
  <TestEntries>
    <TestEntry testId="ac46a789-41d9-569b-8452-bda69b3078d6" executionId="64d75efa-bf90-46eb-933b-99ea4350afb0" testListId="8c84fa94-04c1-424b-9868-57a2d4851a1d" />
    <TestEntry testId="d4c4bd2e-5622-7d66-367f-831bc180147a" executionId="5c1e187b-8407-45d1-bf07-dd4dd629ddda" testListId="8c84fa94-04c1-424b-9868-57a2d4851a1d" />
    <TestEntry testId="30b81ad4-3e6a-025e-8def-360ceb7d5f15" executionId="b23a22d1-bcab-489f-9e01-3b04994a2569" testListId="8c84fa94-04c1-424b-9868-57a2d4851a1d" />
    <TestEntry testId="c18721a2-2cef-ec97-a63b-4ec684d65371" executionId="402fe627-a9dc-4b36-8cb4-75952abc71d2" testListId="8c84fa94-04c1-424b-9868-57a2d4851a1d" />
    <TestEntry testId="f1080c80-3ac2-fe8c-e9ca-61cf49c6b0f5" executionId="d5fe4ffa-0106-415f-aae8-1ac4f3ffd60b" testListId="8c84fa94-04c1-424b-9868-57a2d4851a1d" />
    <TestEntry testId="6e3dbde3-c09e-f815-ee6c-a2b0bf44cd3b" executionId="645bd1d6-a089-4c1a-a452-ce786f29c12e" testListId="8c84fa94-04c1-424b-9868-57a2d4851a1d" />
    <TestEntry testId="e147293a-4eac-62cc-681c-be2f5e5ed750" executionId="8fd968ad-16c1-4ae0-bb49-6f4ee0bae5db" testListId="8c84fa94-04c1-424b-9868-57a2d4851a1d" />
    <TestEntry testId="3a38bb8e-b17c-d549-0f54-c3b86b4ef3ca" executionId="bbdfe2fb-5009-4b1d-84d7-df26e45c119e" testListId="8c84fa94-04c1-424b-9868-57a2d4851a1d" />
    <TestEntry testId="9b23bb42-fdae-4c61-6023-903fbcd58a94" executionId="3201f542-734d-4651-9866-da7c8d73e81a" testListId="8c84fa94-04c1-424b-9868-57a2d4851a1d" />
    <TestEntry testId="d3671423-b66d-751a-b14f-133956fb56f5" executionId="256c0193-e593-4f91-a0b5-5a9acd6647c1" testListId="8c84fa94-04c1-424b-9868-57a2d4851a1d" />
    <TestEntry testId="e2b35a15-5ada-0f10-1ca9-40116a3d1d3c" executionId="9fc6fa66-2268-401b-98d9-e580be187aea" testListId="8c84fa94-04c1-424b-9868-57a2d4851a1d" />
    <TestEntry testId="000ab565-f1ad-170d-6b55-c1fe42917978" executionId="e81117c6-c434-45cf-bfb9-1aae2bd090df" testListId="8c84fa94-04c1-424b-9868-57a2d4851a1d" />
    <TestEntry testId="43b99a8c-6e20-1e9f-a82f-f6a307a824fb" executionId="4dd9c780-fd77-4a5e-b67c-b6db3af295c6" testListId="8c84fa94-04c1-424b-9868-57a2d4851a1d" />
    <TestEntry testId="34078081-f9e1-6d2a-9eca-b9d405e309ef" executionId="fe4d1e12-a4c5-477f-9a41-5e5f97a1e2cc" testListId="8c84fa94-04c1-424b-9868-57a2d4851a1d" />
    <TestEntry testId="ce22b109-5098-436a-ad13-68e9ca28b1e8" executionId="a5567144-93b3-431f-a7ba-4e09098e78ed" testListId="8c84fa94-04c1-424b-9868-57a2d4851a1d" />
    <TestEntry testId="3bb60cd7-2886-6728-a12e-63cf4da30ec6" executionId="9e094d9b-1a9b-4f4d-a59a-a2a6f3b84628" testListId="8c84fa94-04c1-424b-9868-57a2d4851a1d" />
    <TestEntry testId="ac1e976c-ae2e-51de-ef29-fc34b357f61f" executionId="b880b807-0a2a-43d6-99ba-9df00526ba69" testListId="8c84fa94-04c1-424b-9868-57a2d4851a1d" />
    <TestEntry testId="0a6b2170-6128-4485-8c43-316e630f9704" executionId="d47604d5-cdc9-4950-9906-cfd5c3401845" testListId="8c84fa94-04c1-424b-9868-57a2d4851a1d" />
    <TestEntry testId="bcb8a87b-9592-8029-8475-210d94d88c03" executionId="8c77cf84-9fdc-4405-9d0d-f421e2ecee17" testListId="8c84fa94-04c1-424b-9868-57a2d4851a1d" />
    <TestEntry testId="dac27dc7-c960-5a69-1c6f-a666c5b813cc" executionId="c0f0ebf1-8067-4364-92f6-daeb8ef6035d" testListId="8c84fa94-04c1-424b-9868-57a2d4851a1d" />
    <TestEntry testId="dff41dc4-ff12-2286-a337-f963f888e9df" executionId="04f432db-4b3a-449b-af82-2624db387d16" testListId="8c84fa94-04c1-424b-9868-57a2d4851a1d" />
    <TestEntry testId="1679e280-d27e-9ef7-aed6-e797295288de" executionId="a07652eb-4adb-4239-bfa3-c58364373947" testListId="8c84fa94-04c1-424b-9868-57a2d4851a1d" />
    <TestEntry testId="e4a35eeb-653b-ee24-6f08-df6f840e664d" executionId="05303ff7-1b8c-414b-b9cb-567a8809b464" testListId="8c84fa94-04c1-424b-9868-57a2d4851a1d" />
    <TestEntry testId="798df978-111a-d043-8ea2-2e32f6af3a3a" executionId="44ce159a-ddcc-4e92-9b00-74300c2e5ad5" testListId="8c84fa94-04c1-424b-9868-57a2d4851a1d" />
    <TestEntry testId="9fdc579e-aa38-df59-ad63-b342e10c56a2" executionId="4ecfa62b-b401-4d07-9308-377e92a73719" testListId="8c84fa94-04c1-424b-9868-57a2d4851a1d" />
    <TestEntry testId="a1173434-7ade-a9fc-a23a-35033aef1117" executionId="a8bf09d5-8231-4392-a0b4-d35b16f6590b" testListId="8c84fa94-04c1-424b-9868-57a2d4851a1d" />
    <TestEntry testId="5d7f1061-6cc0-ffbd-a0b2-0695c40750e4" executionId="357c2ffe-8302-41ab-995f-adb044f2394f" testListId="8c84fa94-04c1-424b-9868-57a2d4851a1d" />
    <TestEntry testId="bb967af8-7e1c-82b1-44c2-b7967bce5cf5" executionId="6a53310d-cd1e-40f8-8442-1768c5a530d7" testListId="8c84fa94-04c1-424b-9868-57a2d4851a1d" />
    <TestEntry testId="8443c40b-5371-b20d-9e37-a5c580db4969" executionId="440cd89e-b50d-4dc7-a8ad-c48af4ad81fc" testListId="8c84fa94-04c1-424b-9868-57a2d4851a1d" />
    <TestEntry testId="b9159849-ff52-6f38-3892-3ef25b3a8895" executionId="031dac3a-fb7c-4d36-8130-1bf46423f1d1" testListId="8c84fa94-04c1-424b-9868-57a2d4851a1d" />
    <TestEntry testId="776d3181-9772-cd45-7fa6-44caf2d1f1ca" executionId="95a7fa0c-4887-4764-b31f-c45f26ff2d00" testListId="8c84fa94-04c1-424b-9868-57a2d4851a1d" />
    <TestEntry testId="26384d4c-03ca-91cd-ca69-3bcda6eb720a" executionId="1eba7563-8d3f-4639-a8de-a57743bd4207" testListId="8c84fa94-04c1-424b-9868-57a2d4851a1d" />
    <TestEntry testId="da19275d-b221-2a68-f9d2-c368de22e6ea" executionId="639a7542-3656-4ef7-8cd0-1b941c58623e" testListId="8c84fa94-04c1-424b-9868-57a2d4851a1d" />
    <TestEntry testId="c9afcbbf-cde4-d291-3ac3-9058a14ef718" executionId="6fd939de-5519-4add-8659-e80b04d0db27" testListId="8c84fa94-04c1-424b-9868-57a2d4851a1d" />
    <TestEntry testId="45cfeb67-a890-7325-d1e2-9587ce8a7956" executionId="83460ea7-9e12-457e-8391-5a9fe08ac1c1" testListId="8c84fa94-04c1-424b-9868-57a2d4851a1d" />
    <TestEntry testId="4256fd6b-cbdd-4078-4155-6a9862b20206" executionId="b88fd5b0-be52-49e7-8494-d641750cc2e7" testListId="8c84fa94-04c1-424b-9868-57a2d4851a1d" />
    <TestEntry testId="64b92e35-b84c-c8f0-00c3-94a317c4251a" executionId="f270422c-1a59-4c12-a593-baeabbf46729" testListId="8c84fa94-04c1-424b-9868-57a2d4851a1d" />
    <TestEntry testId="f26128db-eea5-4b13-72a4-42b619da50fb" executionId="e026a509-028d-4a7d-8793-d9bbf8fb06ce" testListId="8c84fa94-04c1-424b-9868-57a2d4851a1d" />
    <TestEntry testId="96ee39c4-866d-3a6f-ddb4-83e9de594824" executionId="6a206acb-9b70-47f7-a81c-4312ed8501b6" testListId="8c84fa94-04c1-424b-9868-57a2d4851a1d" />
    <TestEntry testId="75105c78-4733-7436-a1c5-b08db4b2eed2" executionId="a391c2dd-4a7c-4c33-ae58-f65216d8cb46" testListId="8c84fa94-04c1-424b-9868-57a2d4851a1d" />
    <TestEntry testId="c47e25b4-af98-59f1-32d5-99726d0a60eb" executionId="8d47b9bb-ced5-411b-89dd-a9503d2ce2cc" testListId="8c84fa94-04c1-424b-9868-57a2d4851a1d" />
    <TestEntry testId="6acd4b75-2c30-38ed-f24f-1abb5c8bacd0" executionId="436d7df3-4d20-45a0-a45d-d2834e2ea869" testListId="8c84fa94-04c1-424b-9868-57a2d4851a1d" />
    <TestEntry testId="e1736080-1b85-4d4c-3608-c132a3c87ed4" executionId="8a49ccf9-2eb1-4bb6-be6c-8b77515cca1e" testListId="8c84fa94-04c1-424b-9868-57a2d4851a1d" />
    <TestEntry testId="9c2b4376-0a28-29e5-94b6-ada0cead2a42" executionId="54143f51-fc7c-4be2-8d2d-ad4141d74790" testListId="8c84fa94-04c1-424b-9868-57a2d4851a1d" />
    <TestEntry testId="9519e0bc-0f79-e86a-b054-84c3a1d8eaad" executionId="7336b971-148c-460a-a8a6-3c0c28a2bbcf" testListId="8c84fa94-04c1-424b-9868-57a2d4851a1d" />
    <TestEntry testId="1c5f3d54-b7d0-c458-6ab6-a14172585e8e" executionId="f01c617c-897f-4971-bfcd-fa7bf8e4b608" testListId="8c84fa94-04c1-424b-9868-57a2d4851a1d" />
    <TestEntry testId="aa41ffb8-cd56-cfba-dbf8-92957bc3c7b9" executionId="037447c0-7b52-4070-9d99-6ac7b25e3e64" testListId="8c84fa94-04c1-424b-9868-57a2d4851a1d" />
    <TestEntry testId="1c6a125b-fd26-2ef4-a337-9353dbd538e7" executionId="f81d4bb6-26e7-40fc-8844-0cc79aa8553d" testListId="8c84fa94-04c1-424b-9868-57a2d4851a1d" />
    <TestEntry testId="179a11e3-402f-0dc9-86d1-a51f93d99997" executionId="a7100d65-d263-48a6-b4a8-4fc7541b47a6" testListId="8c84fa94-04c1-424b-9868-57a2d4851a1d" />
    <TestEntry testId="49d33439-9eb5-4bde-553d-2ba31b4cc14b" executionId="c705dfd3-a494-4e38-9e1e-be6bba24d4c1" testListId="8c84fa94-04c1-424b-9868-57a2d4851a1d" />
  </TestEntries>
  <TestLists>
    <TestList name="Results Not in a List" id="8c84fa94-04c1-424b-9868-57a2d4851a1d" />
    <TestList name="All Loaded Results" id="19431567-8539-422a-85d7-44ee4e166bda" />
  </TestLists>
  <ResultSummary outcome="Failed">
    <Counters total="50" executed="50" passed="47" failed="3" error="0" timeout="0" aborted="0" inconclusive="0" passedButRunAborted="0" notRunnable="0" notExecuted="0" disconnected="0" warning="0" completed="0" inProgress="0" pending="0" />
    <Output>
      <StdOut>[xUnit.net 00:00:00.00] xUnit.net VSTest Adapter v3.1.4+50e68bbb8b (64-bit .NET 10.0.2)&#xD;
[xUnit.net 00:00:00.27]   Discovering: BankingEcosystem.Tests&#xD;
[xUnit.net 00:00:00.38]   Discovered:  BankingEcosystem.Tests&#xD;
[xUnit.net 00:00:00.46]   Starting:    BankingEcosystem.Tests&#xD;
[AuthService] VerifyPinAsync received: 000000&#xD;
[AuthService] Decrypted PIN: BAN&#xD;
[AuthService] Hash verification FAILED&#xD;
[AuthService] VerifyPinAsync received: 123456&#xD;
[AuthService] Decrypted PIN: Pu\u0018&#xD;
[AuthService] Hash verification FAILED&#xD;
[xUnit.net 00:00:05.56]       Assert.NotNull() Failure: Value is null&#xD;
[xUnit.net 00:00:05.56]       Stack Trace:&#xD;
[xUnit.net 00:00:05.57]         C:\project\bank_ecosystem\src\Testing\EndToEndScenarioTests.cs(156,0): at BankingEcosystem.Tests.EndToEndScenarioTests.Scenario_NormalWithdrawal_Flow()&#xD;
[xUnit.net 00:00:05.57]         --- End of stack trace from previous location ---&#xD;
[AuthService] VerifyPinAsync received: 123456&#xD;
[AuthService] Decrypted PIN: Pu\u0018&#xD;
[AuthService] Hash verification FAILED&#xD;
[xUnit.net 00:00:06.26]       Assert.NotNull() Failure: Value is null&#xD;
[xUnit.net 00:00:06.26]       Stack Trace:&#xD;
[xUnit.net 00:00:06.26]         C:\project\bank_ecosystem\src\Testing\BackendServiceTests.cs(109,0): at BankingEcosystem.Tests.BackendServiceTests.VerifyPin_ReturnsAuthResponse_WhenCorrectPin()&#xD;
[xUnit.net 00:00:06.26]         --- End of stack trace from previous location ---&#xD;
[AuthService] VerifyPinAsync received: 123456&#xD;
[AuthService] Card not found or blocked: 1&#xD;
[AuthService] VerifyPinAsync received: 000000&#xD;
[AuthService] Decrypted PIN: BAN&#xD;
[AuthService] Hash verification FAILED&#xD;
[AuthService] VerifyPinAsync received: 000000&#xD;
[AuthService] Decrypted PIN: BAN&#xD;
[AuthService] Hash verification FAILED&#xD;
[AuthService] VerifyPinAsync received: 123456&#xD;
[AuthService] Decrypted PIN: Pu\u0018&#xD;
[AuthService] Hash verification FAILED&#xD;
[xUnit.net 00:00:11.10]       Assert.Equal() Failure: Values differ&#xD;
[xUnit.net 00:00:11.10]       Expected: 0&#xD;
[xUnit.net 00:00:11.10]       Actual:   2&#xD;
[xUnit.net 00:00:11.10]       Stack Trace:&#xD;
[xUnit.net 00:00:11.10]         C:\project\bank_ecosystem\src\Testing\BackendServiceTests.cs(162,0): at BankingEcosystem.Tests.BackendServiceTests.VerifyPin_ResetsFailedAttempts_OnSuccess()&#xD;
[xUnit.net 00:00:11.10]         --- End of stack trace from previous location ---&#xD;
[AuthService] VerifyPinAsync received: 000000&#xD;
[AuthService] Decrypted PIN: BAN&#xD;
[AuthService] Hash verification FAILED&#xD;
[AuthService] VerifyPinAsync received: 111111&#xD;
[AuthService] Decrypted PIN: SP_&#xD;
[AuthService] Hash verification FAILED&#xD;
[AuthService] VerifyPinAsync received: 222222&#xD;
[AuthService] Decrypted PIN: `cl&#xD;
[AuthService] Hash verification FAILED&#xD;
[xUnit.net 00:00:16.39]   Finished:    BankingEcosystem.Tests&#xD;
</StdOut>
    </Output>
    <RunInfos>
      <RunInfo computerName="WIN-7IGD6D34MQ0" outcome="Error" timestamp="2026-02-14T16:58:29.9915282+07:00">
        <Text>[xUnit.net 00:00:05.56]     BankingEcosystem.Tests.EndToEndScenarioTests.Scenario_NormalWithdrawal_Flow [FAIL]</Text>
      </RunInfo>
      <RunInfo computerName="WIN-7IGD6D34MQ0" outcome="Error" timestamp="2026-02-14T16:58:30.6897531+07:00">
        <Text>[xUnit.net 00:00:06.26]     BankingEcosystem.Tests.BackendServiceTests.VerifyPin_ReturnsAuthResponse_WhenCorrectPin [FAIL]</Text>
      </RunInfo>
      <RunInfo computerName="WIN-7IGD6D34MQ0" outcome="Error" timestamp="2026-02-14T16:58:35.5304301+07:00">
        <Text>[xUnit.net 00:00:11.10]     BankingEcosystem.Tests.BackendServiceTests.VerifyPin_ResetsFailedAttempts_OnSuccess [FAIL]</Text>
      </RunInfo>
    </RunInfos>
  </ResultSummary>
</TestRun>