  Determining projects to restore...
  All projects are up-to-date for restore.
  BankingEcosystem.Interop -> C:\project\bank_ecosystem\src\BankingEcosystem.Interop\bin\Debug\net10.0-windows\BankingEcosystem.Interop.dll
  BankingEcosystem.Shared -> C:\project\bank_ecosystem\src\BankingEcosystem.Shared\bin\Debug\net10.0-windows\BankingEcosystem.Shared.dll
  BankingEcosystem.Shared -> C:\project\bank_ecosystem\src\BankingEcosystem.Shared\bin\Debug\net10.0\BankingEcosystem.Shared.dll
  BankingEcosystem.Atm.AppLayer -> C:\project\bank_ecosystem\src\BankingEcosystem.Atm.AppLayer\bin\Debug\net10.0-windows\BankingEcosystem.Atm.AppLayer.dll
  BankingEcosystem.Backend -> C:\project\bank_ecosystem\src\BankingEcosystem.Backend\bin\Debug\net10.0\BankingEcosystem.Backend.dll
C:\project\bank_ecosystem\src\Testing\BackendServiceTests.cs(246,27): error CS7036: There is no argument given that corresponds to the required parameter 'Amount' of 'DepositRequest.DepositRequest(int, int, decimal)' [C:\project\bank_ecosystem\src\Testing\BankingEcosystem.Tests.csproj]
C:\project\bank_ecosystem\src\Testing\BackendServiceTests.cs(262,27): error CS7036: There is no argument given that corresponds to the required parameter 'Amount' of 'DepositRequest.DepositRequest(int, int, decimal)' [C:\project\bank_ecosystem\src\Testing\BankingEcosystem.Tests.csproj]
C:\project\bank_ecosystem\src\Testing\DtoTests.cs(64,27): error CS7036: There is no argument given that corresponds to the required parameter 'Amount' of 'DepositRequest.DepositRequest(int, int, decimal)' [C:\project\bank_ecosystem\src\Testing\BankingEcosystem.Tests.csproj]

Build FAILED.

C:\project\bank_ecosystem\src\Testing\BackendServiceTests.cs(246,27): error CS7036: There is no argument given that corresponds to the required parameter 'Amount' of 'DepositRequest.DepositRequest(int, int, decimal)' [C:\project\bank_ecosystem\src\Testing\BankingEcosystem.Tests.csproj]
C:\project\bank_ecosystem\src\Testing\BackendServiceTests.cs(262,27): error CS7036: There is no argument given that corresponds to the required parameter 'Amount' of 'DepositRequest.DepositRequest(int, int, decimal)' [C:\project\bank_ecosystem\src\Testing\BankingEcosystem.Tests.csproj]
C:\project\bank_ecosystem\src\Testing\DtoTests.cs(64,27): error CS7036: There is no argument given that corresponds to the required parameter 'Amount' of 'DepositRequest.DepositRequest(int, int, decimal)' [C:\project\bank_ecosystem\src\Testing\BankingEcosystem.Tests.csproj]
    0 Warning(s)
    3 Error(s)

Time Elapsed 00:00:20.10
